<?xml version="1.0" encoding="UTF-8"?>
<!-- Generated by org.testng.reporters.JUnitXMLReporter -->
<testsuite hostname="LAPTOP-LVGC4S3R" failures="4" tests="7" name="Bankingweb Test" time="60.355" errors="0" timestamp="14 May 2021 10:04:12 GMT">
  <testcase classname="com.inetBanking_testCases.TC_LoginTest_001" name="loginTest" time="3.015"/>
  <testcase classname="com.inetBanking_testCases.TC_LoginDDT_002" name="loginDDT" time="7.071"/>
  <testcase classname="com.inetBanking_testCases.TC_LoginDDT_002" name="loginDDT" time="3.248">
    <failure type="java.lang.AssertionError" message="expected [true] but found [false]">
      <![CDATA[java.lang.AssertionError: expected [true] but found [false]
	at com.inetBanking_testCases.TC_LoginDDT_002.loginDDT(TC_LoginDDT_002.java:31)
... Removed 28 stack frames]]>
    </failure>
  </testcase> <!-- loginDDT -->
  <testcase classname="com.inetBanking_testCases.TC_LoginDDT_002" name="loginDDT" time="4.709">
    <failure type="java.lang.AssertionError" message="expected [true] but found [false]">
      <![CDATA[java.lang.AssertionError: expected [true] but found [false]
	at com.inetBanking_testCases.TC_LoginDDT_002.loginDDT(TC_LoginDDT_002.java:31)
... Removed 28 stack frames]]>
    </failure>
  </testcase> <!-- loginDDT -->
  <testcase classname="com.inetBanking_testCases.TC_LoginDDT_002" name="loginDDT" time="2.921">
    <failure type="java.lang.AssertionError" message="expected [true] but found [false]">
      <![CDATA[java.lang.AssertionError: expected [true] but found [false]
	at com.inetBanking_testCases.TC_LoginDDT_002.loginDDT(TC_LoginDDT_002.java:31)
... Removed 28 stack frames]]>
    </failure>
  </testcase> <!-- loginDDT -->
  <testcase classname="com.inetBanking_testCases.TC_LoginDDT_002" name="loginDDT" time="3.032">
    <failure type="java.lang.AssertionError" message="expected [true] but found [false]">
      <![CDATA[java.lang.AssertionError: expected [true] but found [false]
	at com.inetBanking_testCases.TC_LoginDDT_002.loginDDT(TC_LoginDDT_002.java:31)
... Removed 28 stack frames]]>
    </failure>
  </testcase> <!-- loginDDT -->
  <testcase classname="com.inetBanking_testCases.TC_AddCustomerTest_003" name="addNewCustomer" time="13.399"/>
</testsuite> <!-- Bankingweb Test -->
