<!DOCTYPE html PUBLIC "-//W3C//DTD XHTML 1.1//EN" "http://www.w3.org/TR/xhtml11/DTD/xhtml11.dtd">
<html xmlns="http://www.w3.org/1999/xhtml"><head><title>TestNG Report</title><style type="text/css">table {margin-bottom:10px;border-collapse:collapse;empty-cells:show}th,td {border:1px solid #009;padding:.25em .5em}th {vertical-align:bottom}td {vertical-align:top}table a {font-weight:bold}.stripe td {background-color: #E6EBF9}.num {text-align:right}.passedodd td {background-color: #3F3}.passedeven td {background-color: #0A0}.skippedodd td {background-color: #DDD}.skippedeven td {background-color: #CCC}.failedodd td,.attn {background-color: #F33}.failedeven td,.stripe .attn {background-color: #D00}.stacktrace {white-space:pre;font-family:monospace}.totop {font-size:85%;text-align:center;border-bottom:2px solid #000}</style></head><body><table><tr><th>Test</th><th># Passed</th><th># Skipped</th><th># Failed</th><th>Time (ms)</th><th>Included Groups</th><th>Excluded Groups</th></tr><tr><th colspan="7">inetBanking_v1</th></tr><tr><td><a href="#t0">Bankingweb Test</a></td><td class="num">3</td><td class="num">0</td><td class="num attn">4</td><td class="num">60,355</td><td></td><td></td></tr></table><table><thead><tr><th>Class</th><th>Method</th><th>Start</th><th>Time (ms)</th></tr></thead><tbody><tr><th colspan="4">inetBanking_v1</th></tr></tbody><tbody id="t0"><tr><th colspan="4">Bankingweb Test &#8212; failed</th></tr><tr class="failedeven"><td rowspan="4">com.inetBanking_testCases.TC_LoginDDT_002</td><td><a href="#m0">loginDDT</a></td><td rowspan="4">1620986625593</td><td rowspan="4">2921</td></tr><tr class="failedeven"><td><a href="#m1">loginDDT</a></td></tr><tr class="failedeven"><td><a href="#m2">loginDDT</a></td></tr><tr class="failedeven"><td><a href="#m3">loginDDT</a></td></tr><tr><th colspan="4">Bankingweb Test &#8212; passed</th></tr><tr class="passedeven"><td rowspan="1">com.inetBanking_testCases.TC_AddCustomerTest_003</td><td><a href="#m4">addNewCustomer</a></td><td rowspan="1">1620986637904</td><td rowspan="1">13399</td></tr><tr class="passedodd"><td rowspan="1">com.inetBanking_testCases.TC_LoginDDT_002</td><td><a href="#m5">loginDDT</a></td><td rowspan="1">1620986610548</td><td rowspan="1">7071</td></tr><tr class="passedeven"><td rowspan="1">com.inetBanking_testCases.TC_LoginTest_001</td><td><a href="#m6">loginTest</a></td><td rowspan="1">1620986598550</td><td rowspan="1">3015</td></tr></tbody></table><h2>Bankingweb Test</h2><h3 id="m0">com.inetBanking_testCases.TC_LoginDDT_002#loginDDT</h3><table class="result"><tr class="param"><th>Parameter #1</th><th>Parameter #2</th></tr><tr class="param stripe"><td>mngr320404</td><td>hJtYtur</td></tr><tr><th colspan="2">Exception</th></tr><tr><td colspan="2"><div class="stacktrace">java.lang.AssertionError: expected [true] but found [false]
	at com.inetBanking_testCases.TC_LoginDDT_002.loginDDT(TC_LoginDDT_002.java:31)
... Removed 28 stack frames</div></td></tr></table><p class="totop"><a href="#summary">back to summary</a></p><h3 id="m1">com.inetBanking_testCases.TC_LoginDDT_002#loginDDT</h3><table class="result"><tr class="param"><th>Parameter #1</th><th>Parameter #2</th></tr><tr class="param stripe"><td>mngr320402</td><td>kUtYtup</td></tr><tr><th colspan="2">Exception</th></tr><tr><td colspan="2"><div class="stacktrace">java.lang.AssertionError: expected [true] but found [false]
	at com.inetBanking_testCases.TC_LoginDDT_002.loginDDT(TC_LoginDDT_002.java:31)
... Removed 28 stack frames</div></td></tr></table><p class="totop"><a href="#summary">back to summary</a></p><h3 id="m2">com.inetBanking_testCases.TC_LoginDDT_002#loginDDT</h3><table class="result"><tr class="param"><th>Parameter #1</th><th>Parameter #2</th></tr><tr class="param stripe"><td>mngr320403</td><td>wUtFtuo</td></tr><tr><th colspan="2">Exception</th></tr><tr><td colspan="2"><div class="stacktrace">java.lang.AssertionError: expected [true] but found [false]
	at com.inetBanking_testCases.TC_LoginDDT_002.loginDDT(TC_LoginDDT_002.java:31)
... Removed 28 stack frames</div></td></tr></table><p class="totop"><a href="#summary">back to summary</a></p><h3 id="m3">com.inetBanking_testCases.TC_LoginDDT_002#loginDDT</h3><table class="result"><tr class="param"><th>Parameter #1</th><th>Parameter #2</th></tr><tr class="param stripe"><td>mngr320405</td><td>aVtSbcd</td></tr><tr><th colspan="2">Exception</th></tr><tr><td colspan="2"><div class="stacktrace">java.lang.AssertionError: expected [true] but found [false]
	at com.inetBanking_testCases.TC_LoginDDT_002.loginDDT(TC_LoginDDT_002.java:31)
... Removed 28 stack frames</div></td></tr></table><p class="totop"><a href="#summary">back to summary</a></p><h3 id="m4">com.inetBanking_testCases.TC_AddCustomerTest_003#addNewCustomer</h3><table class="result"></table><p class="totop"><a href="#summary">back to summary</a></p><h3 id="m5">com.inetBanking_testCases.TC_LoginDDT_002#loginDDT</h3><table class="result"><tr class="param"><th>Parameter #1</th><th>Parameter #2</th></tr><tr class="param stripe"><td>mngr325134</td><td>YnYsapU</td></tr></table><p class="totop"><a href="#summary">back to summary</a></p><h3 id="m6">com.inetBanking_testCases.TC_LoginTest_001#loginTest</h3><table class="result"></table><p class="totop"><a href="#summary">back to summary</a></p></body></html>